{"uuid":"71698431-1941-4e76-b1ca-54332d2c843b","historyId":"1cbf8b75c52c9029974b8671be15c987","fullName":"com.qacart.todo.testcases.GUIs.register.RegisterTest.shouldNotBeAbleToRegisterWithTheRegisteredEmail","labels":[{"name":"package","value":"com.qacart.todo.testcases.GUIs.register.RegisterTest"},{"name":"testClass","value":"com.qacart.todo.testcases.GUIs.register.RegisterTest"},{"name":"testMethod","value":"shouldNotBeAbleToRegisterWithTheRegisteredEmail"},{"name":"parentSuite","value":"Default Suite"},{"name":"suite","value":"QACartTodoProjectSelenium"},{"name":"subSuite","value":"com.qacart.todo.testcases.GUIs.register.RegisterTest"},{"name":"host","value":"wesams-MacBook-Pro.local"},{"name":"thread","value":"17744@wesams-MacBook-Pro.local.main(1)"},{"name":"framework","value":"testng"},{"name":"language","value":"java"},{"name":"story","value":"Login with the registered email"},{"name":"feature","value":"Auth Feature"}],"links":[],"name":"should Not Be Able To Login With The registered Email","status":"broken","statusDetails":{"known":false,"muted":false,"flaky":false,"message":"Cannot invoke \"com.qacart.todo.pages.register.RegisterPageGetController.getErrorMessageLocator()\" because \"com.qacart.todo.pages.register.RegisterPageGetController.get\" is null","trace":"java.lang.NullPointerException: Cannot invoke \"com.qacart.todo.pages.register.RegisterPageGetController.getErrorMessageLocator()\" because \"com.qacart.todo.pages.register.RegisterPageGetController.get\" is null\n\tat com.qacart.todo.pages.register.RegisterPageGetController.getErrorMessageText(RegisterPageGetController.java:32)\n\tat com.qacart.todo.pages.register.RegisterPageVerifyController.emailIsAlreadyRegistered(RegisterPageVerifyController.java:37)\n\tat com.qacart.todo.testcases.GUIs.register.RegisterTest.shouldNotBeAbleToRegisterWithTheRegisteredEmail(RegisterTest.java:55)\n\tat java.base/jdk.internal.reflect.NativeMethodAccessorImpl.invoke0(Native Method)\n\tat java.base/jdk.internal.reflect.NativeMethodAccessorImpl.invoke(NativeMethodAccessorImpl.java:77)\n\tat java.base/jdk.internal.reflect.DelegatingMethodAccessorImpl.invoke(DelegatingMethodAccessorImpl.java:43)\n\tat java.base/java.lang.reflect.Method.invoke(Method.java:569)\n\tat org.testng.internal.invokers.MethodInvocationHelper.invokeMethod(MethodInvocationHelper.java:139)\n\tat org.testng.internal.invokers.TestInvoker.invokeMethod(TestInvoker.java:664)\n\tat org.testng.internal.invokers.TestInvoker.invokeTestMethod(TestInvoker.java:227)\n\tat org.testng.internal.invokers.MethodRunner.runInSequence(MethodRunner.java:50)\n\tat org.testng.internal.invokers.TestInvoker$MethodInvocationAgent.invoke(TestInvoker.java:957)\n\tat org.testng.internal.invokers.TestInvoker.invokeTestMethods(TestInvoker.java:200)\n\tat org.testng.internal.invokers.TestMethodWorker.invokeTestMethods(TestMethodWorker.java:148)\n\tat org.testng.internal.invokers.TestMethodWorker.run(TestMethodWorker.java:128)\n\tat java.base/java.util.ArrayList.forEach(ArrayList.java:1511)\n\tat org.testng.TestRunner.privateRun(TestRunner.java:848)\n\tat org.testng.TestRunner.run(TestRunner.java:621)\n\tat org.testng.SuiteRunner.runTest(SuiteRunner.java:443)\n\tat org.testng.SuiteRunner.runSequentially(SuiteRunner.java:437)\n\tat org.testng.SuiteRunner.privateRun(SuiteRunner.java:397)\n\tat org.testng.SuiteRunner.run(SuiteRunner.java:336)\n\tat org.testng.SuiteRunnerWorker.runSuite(SuiteRunnerWorker.java:52)\n\tat org.testng.SuiteRunnerWorker.run(SuiteRunnerWorker.java:95)\n\tat org.testng.TestNG.runSuitesSequentially(TestNG.java:1280)\n\tat org.testng.TestNG.runSuitesLocally(TestNG.java:1200)\n\tat org.testng.TestNG.runSuites(TestNG.java:1114)\n\tat org.testng.TestNG.run(TestNG.java:1082)\n\tat com.intellij.rt.testng.IDEARemoteTestNG.run(IDEARemoteTestNG.java:65)\n\tat com.intellij.rt.testng.RemoteTestNGStarter.main(RemoteTestNGStarter.java:105)\n"},"stage":"finished","description":"It will try register with the registered email","steps":[{"name":"Visit the signup page","status":"passed","stage":"finished","steps":[],"attachments":[],"parameters":[{"name":"driver","value":"ChromeDriver: chrome on mac (6991a74b2ea2621e9d8dc973be91aea0)"}],"start":1727688553735,"stop":1727688554682},{"name":"Login with the registered email","status":"passed","stage":"finished","steps":[{"name":"Login with first name, last name,password,and confirm password","status":"passed","stage":"finished","steps":[],"attachments":[],"parameters":[{"name":"driver","value":"ChromeDriver: chrome on mac (6991a74b2ea2621e9d8dc973be91aea0)"},{"name":"registerRequestBody","value":"com.qacart.todo.models.register.requestBody.RegisterRequestBody@4d099a37"}],"start":1727688554682,"stop":1727688555039}],"attachments":[],"parameters":[{"name":"driver","value":"ChromeDriver: chrome on mac (6991a74b2ea2621e9d8dc973be91aea0)"},{"name":"registerRequestBody","value":"com.qacart.todo.models.register.requestBody.RegisterRequestBody@4d099a37"}],"start":1727688554682,"stop":1727688555039},{"name":"Check if the error message is displayed","status":"passed","stage":"finished","steps":[],"attachments":[],"parameters":[{"name":"driver","value":"ChromeDriver: chrome on mac (6991a74b2ea2621e9d8dc973be91aea0)"}],"start":1727688555039,"stop":1727688555524},{"name":"Verify email is already registered","status":"broken","statusDetails":{"known":false,"muted":false,"flaky":false,"message":"Cannot invoke \"com.qacart.todo.pages.register.RegisterPageGetController.getErrorMessageLocator()\" because \"com.qacart.todo.pages.register.RegisterPageGetController.get\" is null","trace":"java.lang.NullPointerException: Cannot invoke \"com.qacart.todo.pages.register.RegisterPageGetController.getErrorMessageLocator()\" because \"com.qacart.todo.pages.register.RegisterPageGetController.get\" is null\n\tat com.qacart.todo.pages.register.RegisterPageGetController.getErrorMessageText(RegisterPageGetController.java:32)\n\tat com.qacart.todo.pages.register.RegisterPageVerifyController.emailIsAlreadyRegistered(RegisterPageVerifyController.java:37)\n\tat com.qacart.todo.testcases.GUIs.register.RegisterTest.shouldNotBeAbleToRegisterWithTheRegisteredEmail(RegisterTest.java:55)\n\tat java.base/jdk.internal.reflect.NativeMethodAccessorImpl.invoke0(Native Method)\n\tat java.base/jdk.internal.reflect.NativeMethodAccessorImpl.invoke(NativeMethodAccessorImpl.java:77)\n\tat java.base/jdk.internal.reflect.DelegatingMethodAccessorImpl.invoke(DelegatingMethodAccessorImpl.java:43)\n\tat java.base/java.lang.reflect.Method.invoke(Method.java:569)\n\tat org.testng.internal.invokers.MethodInvocationHelper.invokeMethod(MethodInvocationHelper.java:139)\n\tat org.testng.internal.invokers.TestInvoker.invokeMethod(TestInvoker.java:664)\n\tat org.testng.internal.invokers.TestInvoker.invokeTestMethod(TestInvoker.java:227)\n\tat org.testng.internal.invokers.MethodRunner.runInSequence(MethodRunner.java:50)\n\tat org.testng.internal.invokers.TestInvoker$MethodInvocationAgent.invoke(TestInvoker.java:957)\n\tat org.testng.internal.invokers.TestInvoker.invokeTestMethods(TestInvoker.java:200)\n\tat org.testng.internal.invokers.TestMethodWorker.invokeTestMethods(TestMethodWorker.java:148)\n\tat org.testng.internal.invokers.TestMethodWorker.run(TestMethodWorker.java:128)\n\tat java.base/java.util.ArrayList.forEach(ArrayList.java:1511)\n\tat org.testng.TestRunner.privateRun(TestRunner.java:848)\n\tat org.testng.TestRunner.run(TestRunner.java:621)\n\tat org.testng.SuiteRunner.runTest(SuiteRunner.java:443)\n\tat org.testng.SuiteRunner.runSequentially(SuiteRunner.java:437)\n\tat org.testng.SuiteRunner.privateRun(SuiteRunner.java:397)\n\tat org.testng.SuiteRunner.run(SuiteRunner.java:336)\n\tat org.testng.SuiteRunnerWorker.runSuite(SuiteRunnerWorker.java:52)\n\tat org.testng.SuiteRunnerWorker.run(SuiteRunnerWorker.java:95)\n\tat org.testng.TestNG.runSuitesSequentially(TestNG.java:1280)\n\tat org.testng.TestNG.runSuitesLocally(TestNG.java:1200)\n\tat org.testng.TestNG.runSuites(TestNG.java:1114)\n\tat org.testng.TestNG.run(TestNG.java:1082)\n\tat com.intellij.rt.testng.IDEARemoteTestNG.run(IDEARemoteTestNG.java:65)\n\tat com.intellij.rt.testng.RemoteTestNGStarter.main(RemoteTestNGStarter.java:105)\n"},"stage":"finished","steps":[{"name":"Get the text of the error message","status":"broken","statusDetails":{"known":false,"muted":false,"flaky":false,"message":"Cannot invoke \"com.qacart.todo.pages.register.RegisterPageGetController.getErrorMessageLocator()\" because \"com.qacart.todo.pages.register.RegisterPageGetController.get\" is null","trace":"java.lang.NullPointerException: Cannot invoke \"com.qacart.todo.pages.register.RegisterPageGetController.getErrorMessageLocator()\" because \"com.qacart.todo.pages.register.RegisterPageGetController.get\" is null\n\tat com.qacart.todo.pages.register.RegisterPageGetController.getErrorMessageText(RegisterPageGetController.java:32)\n\tat com.qacart.todo.pages.register.RegisterPageVerifyController.emailIsAlreadyRegistered(RegisterPageVerifyController.java:37)\n\tat com.qacart.todo.testcases.GUIs.register.RegisterTest.shouldNotBeAbleToRegisterWithTheRegisteredEmail(RegisterTest.java:55)\n\tat java.base/jdk.internal.reflect.NativeMethodAccessorImpl.invoke0(Native Method)\n\tat java.base/jdk.internal.reflect.NativeMethodAccessorImpl.invoke(NativeMethodAccessorImpl.java:77)\n\tat java.base/jdk.internal.reflect.DelegatingMethodAccessorImpl.invoke(DelegatingMethodAccessorImpl.java:43)\n\tat java.base/java.lang.reflect.Method.invoke(Method.java:569)\n\tat org.testng.internal.invokers.MethodInvocationHelper.invokeMethod(MethodInvocationHelper.java:139)\n\tat org.testng.internal.invokers.TestInvoker.invokeMethod(TestInvoker.java:664)\n\tat org.testng.internal.invokers.TestInvoker.invokeTestMethod(TestInvoker.java:227)\n\tat org.testng.internal.invokers.MethodRunner.runInSequence(MethodRunner.java:50)\n\tat org.testng.internal.invokers.TestInvoker$MethodInvocationAgent.invoke(TestInvoker.java:957)\n\tat org.testng.internal.invokers.TestInvoker.invokeTestMethods(TestInvoker.java:200)\n\tat org.testng.internal.invokers.TestMethodWorker.invokeTestMethods(TestMethodWorker.java:148)\n\tat org.testng.internal.invokers.TestMethodWorker.run(TestMethodWorker.java:128)\n\tat java.base/java.util.ArrayList.forEach(ArrayList.java:1511)\n\tat org.testng.TestRunner.privateRun(TestRunner.java:848)\n\tat org.testng.TestRunner.run(TestRunner.java:621)\n\tat org.testng.SuiteRunner.runTest(SuiteRunner.java:443)\n\tat org.testng.SuiteRunner.runSequentially(SuiteRunner.java:437)\n\tat org.testng.SuiteRunner.privateRun(SuiteRunner.java:397)\n\tat org.testng.SuiteRunner.run(SuiteRunner.java:336)\n\tat org.testng.SuiteRunnerWorker.runSuite(SuiteRunnerWorker.java:52)\n\tat org.testng.SuiteRunnerWorker.run(SuiteRunnerWorker.java:95)\n\tat org.testng.TestNG.runSuitesSequentially(TestNG.java:1280)\n\tat org.testng.TestNG.runSuitesLocally(TestNG.java:1200)\n\tat org.testng.TestNG.runSuites(TestNG.java:1114)\n\tat org.testng.TestNG.run(TestNG.java:1082)\n\tat com.intellij.rt.testng.IDEARemoteTestNG.run(IDEARemoteTestNG.java:65)\n\tat com.intellij.rt.testng.RemoteTestNGStarter.main(RemoteTestNGStarter.java:105)\n"},"stage":"finished","steps":[],"attachments":[],"parameters":[{"name":"driver","value":"ChromeDriver: chrome on mac (6991a74b2ea2621e9d8dc973be91aea0)"}],"start":1727688555524,"stop":1727688555525}],"attachments":[],"parameters":[{"name":"driver","value":"ChromeDriver: chrome on mac (6991a74b2ea2621e9d8dc973be91aea0)"}],"start":1727688555524,"stop":1727688555525}],"attachments":[],"parameters":[],"start":1727688551930,"stop":1727688555528}